18:14:46.403 [INFO] (trainer.py:164) Total Epi:     1 Steps:   124 Episode Steps:   124 Return: -194.6251 Eps:   1.0 FPS:  3.01
18:15:23.452 [INFO] (trainer.py:164) Total Epi:     2 Steps:   247 Episode Steps:   123 Return: -209.0059 Eps:  0.998 FPS:  3.32
18:16:10.308 [INFO] (trainer.py:164) Total Epi:     3 Steps:   398 Episode Steps:   151 Return: -245.6278 Eps:  0.996004 FPS:  3.22
18:16:25.919 [INFO] (trainer.py:164) Total Epi:     4 Steps:   437 Episode Steps:    39 Return: -53.6578 Eps:  0.994011992 FPS:  2.50
18:17:01.466 [INFO] (trainer.py:164) Total Epi:     5 Steps:   550 Episode Steps:   113 Return: -178.6099 Eps:  0.992023968016 FPS:  3.18
18:17:47.476 [INFO] (trainer.py:164) Total Epi:     6 Steps:   699 Episode Steps:   149 Return: -263.6574 Eps:  0.990039920079968 FPS:  3.24
18:18:20.238 [INFO] (trainer.py:164) Total Epi:     7 Steps:   803 Episode Steps:   104 Return: -164.8677 Eps:  0.9880598402398081 FPS:  3.18
18:19:08.435 [INFO] (trainer.py:164) Total Epi:     8 Steps:   958 Episode Steps:   155 Return: -268.1900 Eps:  0.9860837205593285 FPS:  3.22
18:19:55.236 [INFO] (trainer.py:164) Total Epi:     9 Steps:  1109 Episode Steps:   151 Return: -247.2929 Eps:  0.9841115531182099 FPS:  3.23
18:20:50.532 [INFO] (trainer.py:164) Total Epi:    10 Steps:  1295 Episode Steps:   186 Return: -312.7204 Eps:  0.9821433300119734 FPS:  3.36
18:21:16.540 [INFO] (trainer.py:164) Total Epi:    11 Steps:  1367 Episode Steps:    72 Return: -105.0253 Eps:  0.9801790433519495 FPS:  2.77
18:21:40.834 [INFO] (trainer.py:164) Total Epi:    12 Steps:  1428 Episode Steps:    61 Return: -88.4301 Eps:  0.9782186852652456 FPS:  2.51
18:22:40.467 [INFO] (trainer.py:164) Total Epi:    13 Steps:  1617 Episode Steps:   189 Return: -322.6155 Eps:  0.976262247894715 FPS:  3.17
18:23:16.447 [INFO] (trainer.py:164) Total Epi:    14 Steps:  1721 Episode Steps:   104 Return: -412.0805 Eps:  0.9743097233989256 FPS:  2.89
18:23:48.699 [INFO] (trainer.py:164) Total Epi:    15 Steps:  1822 Episode Steps:   101 Return: -392.4948 Eps:  0.9723611039521278 FPS:  3.13
18:24:37.487 [INFO] (trainer.py:164) Total Epi:    16 Steps:  1974 Episode Steps:   152 Return: -709.8546 Eps:  0.9704163817442236 FPS:  3.12
18:25:24.331 [INFO] (trainer.py:164) Total Epi:    17 Steps:  2121 Episode Steps:   147 Return: -704.9194 Eps:  0.9684755489807352 FPS:  3.14
18:26:50.940 [INFO] (trainer.py:164) Total Epi:    18 Steps:  2412 Episode Steps:   291 Return: -1263.0359 Eps:  0.9665385978827737 FPS:  3.36
18:26:58.469 [INFO] (trainer.py:164) Total Epi:    19 Steps:  2413 Episode Steps:     1 Return:  2.6289 Eps:  0.9646055206870082 FPS:  0.13
18:27:26.464 [INFO] (trainer.py:164) Total Epi:    20 Steps:  2496 Episode Steps:    83 Return: -321.2141 Eps:  0.9626763096456342 FPS:  2.96
18:28:21.630 [INFO] (trainer.py:164) Total Epi:    21 Steps:  2676 Episode Steps:   180 Return: -738.0094 Eps:  0.9607509570263429 FPS:  3.26
18:30:13.627 [INFO] (trainer.py:164) Total Epi:    22 Steps:  3095 Episode Steps:   419 Return: -1533.4147 Eps:  0.9588294551122902 FPS:  3.74
18:30:18.295 [INFO] (trainer.py:164) Total Epi:    23 Steps:  3096 Episode Steps:     1 Return:  3.6778 Eps:  0.9569117962020657 FPS:  0.21
18:32:16.550 [INFO] (trainer.py:164) Total Epi:    24 Steps:  3538 Episode Steps:   442 Return: -1516.9665 Eps:  0.9549979726096616 FPS:  3.74
